<?xml version="1.0" encoding="UTF-8"?>
<testng-results total="1" passed="1" failed="0" skipped="0">
  <reporter-output>
  </reporter-output>
  <suite started-at="2023-03-25T16:53:10Z" name="Suite" finished-at="2023-03-25T16:53:40Z" duration-ms="30458">
    <groups>
    </groups>
    <test started-at="2023-03-25T16:53:10Z" name="uploadandpopup" finished-at="2023-03-25T16:53:40Z" duration-ms="30458">
      <class name="uploadandpopup.dropdown">
        <test-method is-config="true" signature="beforetest()[pri:0, instance:uploadandpopup.dropdown@6c2ed0cd]" started-at="2023-03-25T22:23:10Z" name="beforetest" finished-at="2023-03-25T22:23:38Z" duration-ms="27591" status="PASS">
          <reporter-output>
          </reporter-output>
        </test-method> <!-- beforetest -->
        <test-method signature="Select()[pri:0, instance:uploadandpopup.dropdown@6c2ed0cd]" started-at="2023-03-25T22:23:38Z" name="Select" finished-at="2023-03-25T22:23:40Z" duration-ms="2807" status="PASS">
          <reporter-output>
          </reporter-output>
        </test-method> <!-- Select -->
      </class> <!-- uploadandpopup.dropdown -->
    </test> <!-- uploadandpopup -->
  </suite> <!-- Suite -->
</testng-results>
